<?xml version="1.0" encoding="UTF-8"?>
<!-- Generated by org.testng.reporters.JUnitReportReporter -->
<testsuite hostname="lenovo-PC" name="org.testng.suites.GooglePage" tests="1" failures="0" timestamp="21 May 2018 11:27:20 GMT" time="27.417" errors="0">
  <testcase name="google" time="27.417" classname="org.testng.suites.GooglePage"/>
</testsuite> <!-- org.testng.suites.GooglePage -->
