<?xml version="1.0" encoding="UTF-8"?>
<!-- Generated by org.testng.reporters.JUnitReportReporter -->
<testsuite hostname="lenovo-PC" name="org.testng.suites.FacebookPage" tests="1" failures="0" timestamp="21 May 2018 11:27:20 GMT" time="45.115" errors="0">
  <testcase name="google" time="45.115" classname="org.testng.suites.FacebookPage"/>
</testsuite> <!-- org.testng.suites.FacebookPage -->
